[0m13:05:30.013602 [debug] [MainThread]: Sending event: {'category': 'dbt', 'action': 'invocation', 'label': 'start', 'context': [<snowplow_tracker.self_describing_json.SelfDescribingJson object at 0x000002602BCAE8D0>, <snowplow_tracker.self_describing_json.SelfDescribingJson object at 0x000002602AA14BD0>, <snowplow_tracker.self_describing_json.SelfDescribingJson object at 0x000002602BCA8750>]}


============================== 13:05:30.019629 | d5787ed7-4846-4984-a15f-a0d6001754f4 ==============================
[0m13:05:30.019629 [info ] [MainThread]: Running with dbt=1.7.17
[0m13:05:30.020598 [debug] [MainThread]: running dbt with arguments {'printer_width': '80', 'indirect_selection': 'eager', 'log_cache_events': 'False', 'write_json': 'True', 'partial_parse': 'True', 'cache_selected_only': 'False', 'profiles_dir': 'C:\\Users\\user\\.dbt', 'debug': 'False', 'version_check': 'True', 'log_path': 'logs', 'fail_fast': 'False', 'warn_error': 'None', 'use_colors': 'True', 'use_experimental_parser': 'False', 'no_print': 'None', 'quiet': 'False', 'warn_error_options': 'WarnErrorOptions(include=[], exclude=[])', 'introspect': 'True', 'static_parser': 'True', 'log_format': 'default', 'target_path': 'None', 'invocation_command': 'dbt init malaysia-film-finas', 'send_anonymous_usage_stats': 'True'}
[0m13:05:36.551383 [debug] [MainThread]: Starter project path: C:\Users\user\Desktop\Projects\malaysia-film-finas\finas-env\Lib\site-packages\dbt\include\starter_project
[0m13:05:36.631439 [info ] [MainThread]: 
Your new dbt project "finas" was created!

For more information on how to configure the profiles.yml file,
please consult the dbt documentation here:

  https://docs.getdbt.com/docs/configure-your-profile

One more thing:

Need help? Don't hesitate to reach out to us via GitHub issues or on Slack:

  https://community.getdbt.com/

Happy modeling!

[0m13:05:36.632412 [info ] [MainThread]: Setting up your profile.
[0m13:05:40.947697 [debug] [MainThread]: Command `dbt init` succeeded at 13:05:40.947697 after 11.02 seconds
[0m13:05:40.948729 [debug] [MainThread]: Sending event: {'category': 'dbt', 'action': 'invocation', 'label': 'end', 'context': [<snowplow_tracker.self_describing_json.SelfDescribingJson object at 0x0000026024EDEC10>, <snowplow_tracker.self_describing_json.SelfDescribingJson object at 0x0000026024F2C810>, <snowplow_tracker.self_describing_json.SelfDescribingJson object at 0x00000260251B9250>]}
[0m13:05:40.949696 [debug] [MainThread]: Flushing usage events
[0m13:08:50.832432 [debug] [MainThread]: Sending event: {'category': 'dbt', 'action': 'invocation', 'label': 'start', 'context': [<snowplow_tracker.self_describing_json.SelfDescribingJson object at 0x000001EB77ACA9D0>, <snowplow_tracker.self_describing_json.SelfDescribingJson object at 0x000001EB77570310>, <snowplow_tracker.self_describing_json.SelfDescribingJson object at 0x000001EB77A67690>]}


============================== 13:08:50.839972 | 6b1c592c-e1d2-42aa-b17a-9ae796a83e6d ==============================
[0m13:08:50.839972 [info ] [MainThread]: Running with dbt=1.7.17
[0m13:08:50.843306 [debug] [MainThread]: running dbt with arguments {'printer_width': '80', 'indirect_selection': 'eager', 'write_json': 'True', 'log_cache_events': 'False', 'partial_parse': 'True', 'cache_selected_only': 'False', 'profiles_dir': 'C:\\Users\\user\\.dbt', 'version_check': 'True', 'fail_fast': 'False', 'log_path': 'logs', 'warn_error': 'None', 'debug': 'False', 'use_colors': 'True', 'use_experimental_parser': 'False', 'no_print': 'None', 'quiet': 'False', 'warn_error_options': 'WarnErrorOptions(include=[], exclude=[])', 'introspect': 'True', 'log_format': 'default', 'invocation_command': 'dbt debug', 'target_path': 'None', 'static_parser': 'True', 'send_anonymous_usage_stats': 'True'}
[0m13:08:50.844303 [info ] [MainThread]: dbt version: 1.7.17
[0m13:08:50.846302 [info ] [MainThread]: python version: 3.11.7
[0m13:08:50.847303 [info ] [MainThread]: python path: C:\Users\user\Desktop\Projects\malaysia-film-finas\finas-env\Scripts\python.exe
[0m13:08:50.848302 [info ] [MainThread]: os info: Windows-10-10.0.19045-SP0
[0m13:08:51.449149 [info ] [MainThread]: Using profiles dir at C:\Users\user\.dbt
[0m13:08:51.451121 [info ] [MainThread]: Using profiles.yml file at C:\Users\user\.dbt\profiles.yml
[0m13:08:51.452119 [info ] [MainThread]: Using dbt_project.yml file at C:\Users\user\Desktop\Projects\malaysia-film-finas\malaysia-film-finas\dbt_project.yml
[0m13:08:51.453161 [error] [MainThread]: Encountered an error:
Internal Error
  Profile should not be None if loading profile completed
[0m13:08:51.454958 [debug] [MainThread]: Command `dbt debug` failed at 13:08:51.454958 after 0.72 seconds
[0m13:08:51.456456 [debug] [MainThread]: Sending event: {'category': 'dbt', 'action': 'invocation', 'label': 'end', 'context': [<snowplow_tracker.self_describing_json.SelfDescribingJson object at 0x000001EB70C6EC10>, <snowplow_tracker.self_describing_json.SelfDescribingJson object at 0x000001EB77ACB4D0>, <snowplow_tracker.self_describing_json.SelfDescribingJson object at 0x000001EB77ACAF90>]}
[0m13:08:51.457080 [debug] [MainThread]: Flushing usage events
[0m13:09:34.449931 [debug] [MainThread]: Sending event: {'category': 'dbt', 'action': 'invocation', 'label': 'start', 'context': [<snowplow_tracker.self_describing_json.SelfDescribingJson object at 0x000001E57CBD8290>, <snowplow_tracker.self_describing_json.SelfDescribingJson object at 0x000001E57CC1B390>, <snowplow_tracker.self_describing_json.SelfDescribingJson object at 0x000001E57CC1A990>]}


============================== 13:09:34.454932 | be56cec6-2c33-4c9c-8858-d2bfe284d1e6 ==============================
[0m13:09:34.454932 [info ] [MainThread]: Running with dbt=1.7.17
[0m13:09:34.455933 [debug] [MainThread]: running dbt with arguments {'printer_width': '80', 'indirect_selection': 'eager', 'log_cache_events': 'False', 'write_json': 'True', 'partial_parse': 'True', 'cache_selected_only': 'False', 'warn_error': 'None', 'version_check': 'True', 'fail_fast': 'False', 'log_path': 'logs', 'debug': 'False', 'profiles_dir': 'C:\\Users\\user\\.dbt', 'use_colors': 'True', 'use_experimental_parser': 'False', 'no_print': 'None', 'quiet': 'False', 'warn_error_options': 'WarnErrorOptions(include=[], exclude=[])', 'invocation_command': 'dbt debug', 'static_parser': 'True', 'introspect': 'True', 'target_path': 'None', 'log_format': 'default', 'send_anonymous_usage_stats': 'True'}
[0m13:09:34.457964 [info ] [MainThread]: dbt version: 1.7.17
[0m13:09:34.458933 [info ] [MainThread]: python version: 3.11.7
[0m13:09:34.459934 [info ] [MainThread]: python path: C:\Users\user\Desktop\Projects\malaysia-film-finas\finas-env\Scripts\python.exe
[0m13:09:34.461089 [info ] [MainThread]: os info: Windows-10-10.0.19045-SP0
[0m13:09:34.953031 [info ] [MainThread]: Using profiles dir at C:\Users\user\.dbt
[0m13:09:34.953999 [info ] [MainThread]: Using profiles.yml file at C:\Users\user\.dbt\profiles.yml
[0m13:09:34.955000 [info ] [MainThread]: Using dbt_project.yml file at C:\Users\user\Desktop\Projects\malaysia-film-finas\malaysia-film-finas\dbt_project.yml
[0m13:09:34.957003 [error] [MainThread]: Encountered an error:
Internal Error
  Profile should not be None if loading profile completed
[0m13:09:34.957998 [debug] [MainThread]: Command `dbt debug` failed at 13:09:34.957998 after 0.58 seconds
[0m13:09:34.959029 [debug] [MainThread]: Sending event: {'category': 'dbt', 'action': 'invocation', 'label': 'end', 'context': [<snowplow_tracker.self_describing_json.SelfDescribingJson object at 0x000001E57CC1C250>, <snowplow_tracker.self_describing_json.SelfDescribingJson object at 0x000001E57D69D890>, <snowplow_tracker.self_describing_json.SelfDescribingJson object at 0x000001E575E2EC10>]}
[0m13:09:34.960029 [debug] [MainThread]: Flushing usage events
[0m13:11:31.322794 [debug] [MainThread]: Sending event: {'category': 'dbt', 'action': 'invocation', 'label': 'start', 'context': [<snowplow_tracker.self_describing_json.SelfDescribingJson object at 0x00000263D44A7C90>, <snowplow_tracker.self_describing_json.SelfDescribingJson object at 0x00000263D44D9990>, <snowplow_tracker.self_describing_json.SelfDescribingJson object at 0x00000263D44D9590>]}


============================== 13:11:31.322794 | 97fe45b1-e422-4767-96a9-87c9cbddafac ==============================
[0m13:11:31.322794 [info ] [MainThread]: Running with dbt=1.7.17
[0m13:11:31.322794 [debug] [MainThread]: running dbt with arguments {'printer_width': '80', 'indirect_selection': 'eager', 'log_cache_events': 'False', 'write_json': 'True', 'partial_parse': 'True', 'cache_selected_only': 'False', 'profiles_dir': 'C:\\Users\\user\\.dbt', 'fail_fast': 'False', 'version_check': 'True', 'log_path': 'logs', 'debug': 'False', 'warn_error': 'None', 'use_colors': 'True', 'use_experimental_parser': 'False', 'no_print': 'None', 'quiet': 'False', 'warn_error_options': 'WarnErrorOptions(include=[], exclude=[])', 'invocation_command': 'dbt debug', 'static_parser': 'True', 'log_format': 'default', 'target_path': 'None', 'introspect': 'True', 'send_anonymous_usage_stats': 'True'}
[0m13:11:31.338424 [info ] [MainThread]: dbt version: 1.7.17
[0m13:11:31.338424 [info ] [MainThread]: python version: 3.11.7
[0m13:11:31.338424 [info ] [MainThread]: python path: C:\Users\user\Desktop\Projects\malaysia-film-finas\finas-env\Scripts\python.exe
[0m13:11:31.338424 [info ] [MainThread]: os info: Windows-10-10.0.19045-SP0
[0m13:11:31.839761 [info ] [MainThread]: Using profiles dir at C:\Users\user\.dbt
[0m13:11:31.839761 [info ] [MainThread]: Using profiles.yml file at C:\Users\user\.dbt\profiles.yml
[0m13:11:31.839761 [info ] [MainThread]: Using dbt_project.yml file at C:\Users\user\Desktop\Projects\malaysia-film-finas\malaysia-film-finas\dbt_project.yml
[0m13:11:31.839761 [error] [MainThread]: Encountered an error:
Internal Error
  Profile should not be None if loading profile completed
[0m13:11:31.839761 [debug] [MainThread]: Command `dbt debug` failed at 13:11:31.839761 after 0.60 seconds
[0m13:11:31.839761 [debug] [MainThread]: Sending event: {'category': 'dbt', 'action': 'invocation', 'label': 'end', 'context': [<snowplow_tracker.self_describing_json.SelfDescribingJson object at 0x00000263D44B3D10>, <snowplow_tracker.self_describing_json.SelfDescribingJson object at 0x00000263D4FE1D90>, <snowplow_tracker.self_describing_json.SelfDescribingJson object at 0x00000263CD72EC10>]}
[0m13:11:31.839761 [debug] [MainThread]: Flushing usage events
[0m13:12:41.750894 [debug] [MainThread]: Sending event: {'category': 'dbt', 'action': 'invocation', 'label': 'start', 'context': [<snowplow_tracker.self_describing_json.SelfDescribingJson object at 0x00000235AFBCD950>, <snowplow_tracker.self_describing_json.SelfDescribingJson object at 0x00000235AFA64290>, <snowplow_tracker.self_describing_json.SelfDescribingJson object at 0x00000235AFC55E50>]}


============================== 13:12:41.766548 | 4ab433ab-411c-4de9-ad74-6ffc94549da7 ==============================
[0m13:12:41.766548 [info ] [MainThread]: Running with dbt=1.7.17
[0m13:12:41.766548 [debug] [MainThread]: running dbt with arguments {'printer_width': '80', 'indirect_selection': 'eager', 'log_cache_events': 'False', 'write_json': 'True', 'partial_parse': 'True', 'cache_selected_only': 'False', 'profiles_dir': 'C:\\Users\\user\\.dbt', 'version_check': 'True', 'debug': 'False', 'log_path': 'logs', 'fail_fast': 'False', 'warn_error': 'None', 'use_colors': 'True', 'use_experimental_parser': 'False', 'no_print': 'None', 'quiet': 'False', 'log_format': 'default', 'static_parser': 'True', 'introspect': 'True', 'warn_error_options': 'WarnErrorOptions(include=[], exclude=[])', 'target_path': 'None', 'invocation_command': 'dbt debug', 'send_anonymous_usage_stats': 'True'}
[0m13:12:41.766548 [info ] [MainThread]: dbt version: 1.7.17
[0m13:12:41.766548 [info ] [MainThread]: python version: 3.11.7
[0m13:12:41.766548 [info ] [MainThread]: python path: C:\Users\user\Desktop\Projects\malaysia-film-finas\finas-env\Scripts\python.exe
[0m13:12:41.766548 [info ] [MainThread]: os info: Windows-10-10.0.19045-SP0
[0m13:12:42.314975 [info ] [MainThread]: Using profiles dir at C:\Users\user\.dbt
[0m13:12:42.314975 [info ] [MainThread]: Using profiles.yml file at C:\Users\user\.dbt\profiles.yml
[0m13:12:42.314975 [info ] [MainThread]: Using dbt_project.yml file at C:\Users\user\Desktop\Projects\malaysia-film-finas\malaysia-film-finas\dbt_project.yml
[0m13:12:42.314975 [error] [MainThread]: Encountered an error:
Internal Error
  Profile should not be None if loading profile completed
[0m13:12:42.330569 [debug] [MainThread]: Command `dbt debug` failed at 13:12:42.330569 after 0.65 seconds
[0m13:12:42.330569 [debug] [MainThread]: Sending event: {'category': 'dbt', 'action': 'invocation', 'label': 'end', 'context': [<snowplow_tracker.self_describing_json.SelfDescribingJson object at 0x00000235B0003FD0>, <snowplow_tracker.self_describing_json.SelfDescribingJson object at 0x00000235A925EC10>, <snowplow_tracker.self_describing_json.SelfDescribingJson object at 0x00000235B005C910>]}
[0m13:12:42.330569 [debug] [MainThread]: Flushing usage events
[0m13:13:48.360415 [debug] [MainThread]: Sending event: {'category': 'dbt', 'action': 'invocation', 'label': 'start', 'context': [<snowplow_tracker.self_describing_json.SelfDescribingJson object at 0x00000108DE09DE90>, <snowplow_tracker.self_describing_json.SelfDescribingJson object at 0x00000108DE098910>, <snowplow_tracker.self_describing_json.SelfDescribingJson object at 0x00000108DDB74310>]}


============================== 13:13:48.360415 | 7c69eb4a-021d-4288-b6d7-31000a02178e ==============================
[0m13:13:48.360415 [info ] [MainThread]: Running with dbt=1.7.17
[0m13:13:48.360415 [debug] [MainThread]: running dbt with arguments {'printer_width': '80', 'indirect_selection': 'eager', 'log_cache_events': 'False', 'write_json': 'True', 'partial_parse': 'True', 'cache_selected_only': 'False', 'warn_error': 'None', 'version_check': 'True', 'debug': 'False', 'log_path': 'logs', 'fail_fast': 'False', 'profiles_dir': 'C:\\Users\\user\\.dbt', 'use_colors': 'True', 'use_experimental_parser': 'False', 'no_print': 'None', 'quiet': 'False', 'warn_error_options': 'WarnErrorOptions(include=[], exclude=[])', 'introspect': 'True', 'log_format': 'default', 'static_parser': 'True', 'target_path': 'None', 'invocation_command': 'dbt debug --config-dir', 'send_anonymous_usage_stats': 'True'}
[0m13:13:48.360415 [info ] [MainThread]: To view your profiles.yml file, run:

start C:\Users\user\.dbt
[0m13:13:48.360415 [debug] [MainThread]: Command `dbt debug` succeeded at 13:13:48.360415 after 0.08 seconds
[0m13:13:48.360415 [debug] [MainThread]: Sending event: {'category': 'dbt', 'action': 'invocation', 'label': 'end', 'context': [<snowplow_tracker.self_describing_json.SelfDescribingJson object at 0x00000108D72EEB10>, <snowplow_tracker.self_describing_json.SelfDescribingJson object at 0x00000108D75BDC10>, <snowplow_tracker.self_describing_json.SelfDescribingJson object at 0x00000108D75C8FD0>]}
[0m13:13:48.376070 [debug] [MainThread]: Flushing usage events
[0m13:15:39.012586 [debug] [MainThread]: Sending event: {'category': 'dbt', 'action': 'invocation', 'label': 'start', 'context': [<snowplow_tracker.self_describing_json.SelfDescribingJson object at 0x0000020F997458D0>, <snowplow_tracker.self_describing_json.SelfDescribingJson object at 0x0000020F9801D4D0>, <snowplow_tracker.self_describing_json.SelfDescribingJson object at 0x0000020F997AA6D0>]}


============================== 13:15:39.017611 | 10e51d44-c291-46f7-a775-89be98ec6eb4 ==============================
[0m13:15:39.017611 [info ] [MainThread]: Running with dbt=1.7.17
[0m13:15:39.019612 [debug] [MainThread]: running dbt with arguments {'printer_width': '80', 'indirect_selection': 'eager', 'write_json': 'True', 'log_cache_events': 'False', 'partial_parse': 'True', 'cache_selected_only': 'False', 'warn_error': 'None', 'debug': 'False', 'fail_fast': 'False', 'log_path': 'logs', 'version_check': 'True', 'profiles_dir': 'C:\\Users\\user\\.dbt', 'use_colors': 'True', 'use_experimental_parser': 'False', 'no_print': 'None', 'quiet': 'False', 'warn_error_options': 'WarnErrorOptions(include=[], exclude=[])', 'static_parser': 'True', 'introspect': 'True', 'invocation_command': 'dbt debug', 'target_path': 'None', 'log_format': 'default', 'send_anonymous_usage_stats': 'True'}
[0m13:15:39.020613 [info ] [MainThread]: dbt version: 1.7.17
[0m13:15:39.021612 [info ] [MainThread]: python version: 3.11.7
[0m13:15:39.022612 [info ] [MainThread]: python path: C:\Users\user\Desktop\Projects\malaysia-film-finas\finas-env\Scripts\python.exe
[0m13:15:39.023612 [info ] [MainThread]: os info: Windows-10-10.0.19045-SP0
[0m13:15:39.126690 [info ] [MainThread]: Using profiles dir at C:\Users\user\.dbt
[0m13:15:39.128695 [info ] [MainThread]: Using profiles.yml file at C:\Users\user\.dbt\profiles.yml
[0m13:15:39.129692 [info ] [MainThread]: Using dbt_project.yml file at C:\Users\user\Desktop\Projects\malaysia-film-finas\malaysia-film-finas\dbt_project.yml
[0m13:15:39.131692 [info ] [MainThread]: adapter type: mysql
[0m13:15:39.132692 [info ] [MainThread]: adapter version: 1.7.0
[0m13:15:39.133692 [info ] [MainThread]: Configuration:
[0m13:15:39.134691 [info ] [MainThread]:   profiles.yml file [[32mOK found and valid[0m]
[0m13:15:39.135694 [info ] [MainThread]:   dbt_project.yml file [[31mERROR not found[0m]
[0m13:15:39.136693 [info ] [MainThread]: Required dependencies:
[0m13:15:39.136693 [debug] [MainThread]: Executing "git --help"
[0m13:15:39.177822 [debug] [MainThread]: STDOUT: "b"usage: git [-v | --version] [-h | --help] [-C <path>] [-c <name>=<value>]\n           [--exec-path[=<path>]] [--html-path] [--man-path] [--info-path]\n           [-p | --paginate | -P | --no-pager] [--no-replace-objects] [--bare]\n           [--git-dir=<path>] [--work-tree=<path>] [--namespace=<name>]\n           [--config-env=<name>=<envvar>] <command> [<args>]\n\nThese are common Git commands used in various situations:\n\nstart a working area (see also: git help tutorial)\n   clone     Clone a repository into a new directory\n   init      Create an empty Git repository or reinitialize an existing one\n\nwork on the current change (see also: git help everyday)\n   add       Add file contents to the index\n   mv        Move or rename a file, a directory, or a symlink\n   restore   Restore working tree files\n   rm        Remove files from the working tree and from the index\n\nexamine the history and state (see also: git help revisions)\n   bisect    Use binary search to find the commit that introduced a bug\n   diff      Show changes between commits, commit and working tree, etc\n   grep      Print lines matching a pattern\n   log       Show commit logs\n   show      Show various types of objects\n   status    Show the working tree status\n\ngrow, mark and tweak your common history\n   branch    List, create, or delete branches\n   commit    Record changes to the repository\n   merge     Join two or more development histories together\n   rebase    Reapply commits on top of another base tip\n   reset     Reset current HEAD to the specified state\n   switch    Switch branches\n   tag       Create, list, delete or verify a tag object signed with GPG\n\ncollaborate (see also: git help workflows)\n   fetch     Download objects and refs from another repository\n   pull      Fetch from and integrate with another repository or a local branch\n   push      Update remote refs along with associated objects\n\n'git help -a' and 'git help -g' list available subcommands and some\nconcept guides. See 'git help <command>' or 'git help <concept>'\nto read about a specific subcommand or concept.\nSee 'git help git' for an overview of the system.\n""
[0m13:15:39.178822 [debug] [MainThread]: STDERR: "b''"
[0m13:15:39.179854 [info ] [MainThread]:  - git [[32mOK found[0m]

[0m13:15:39.180822 [info ] [MainThread]: Connection:
[0m13:15:39.181824 [info ] [MainThread]:   server: localhost
[0m13:15:39.182821 [info ] [MainThread]:   unix_socket: None
[0m13:15:39.183980 [info ] [MainThread]:   port: 3306
[0m13:15:39.184888 [info ] [MainThread]:   database: None
[0m13:15:39.186049 [info ] [MainThread]:   schema: malaysiafilm
[0m13:15:39.187085 [info ] [MainThread]:   user: root
[0m13:15:39.188079 [info ] [MainThread]: Registered adapter: mysql=1.7.0
[0m13:15:39.189073 [debug] [MainThread]: Acquiring new mysql connection 'debug'
[0m13:15:39.190075 [debug] [MainThread]: Using mysql connection "debug"
[0m13:15:39.190075 [debug] [MainThread]: On debug: select 1 as id
[0m13:15:39.191074 [debug] [MainThread]: Opening a new connection, currently in state init
[0m13:15:39.211401 [debug] [MainThread]: SQL status: SUCCESS 1 in 0.0 seconds
[0m13:15:39.213431 [debug] [MainThread]: On debug: Close
[0m13:15:39.214401 [info ] [MainThread]:   Connection test: [[32mOK connection ok[0m]

[0m13:15:39.214401 [info ] [MainThread]: [31m1 check failed:[0m
[0m13:15:39.216400 [info ] [MainThread]: Project loading failed for the following reason:
 project path <C:\Users\user\Desktop\Projects\malaysia-film-finas\malaysia-film-finas\dbt_project.yml> not found

[0m13:15:39.218430 [debug] [MainThread]: Command `dbt debug` failed at 13:15:39.218430 after 0.29 seconds
[0m13:15:39.219398 [debug] [MainThread]: Connection 'debug' was properly closed.
[0m13:15:39.219398 [debug] [MainThread]: Sending event: {'category': 'dbt', 'action': 'invocation', 'label': 'end', 'context': [<snowplow_tracker.self_describing_json.SelfDescribingJson object at 0x0000020F929AEC10>, <snowplow_tracker.self_describing_json.SelfDescribingJson object at 0x0000020F9800B650>, <snowplow_tracker.self_describing_json.SelfDescribingJson object at 0x0000020F92C89290>]}
[0m13:15:39.220430 [debug] [MainThread]: Flushing usage events
[0m13:18:18.788427 [debug] [MainThread]: Sending event: {'category': 'dbt', 'action': 'invocation', 'label': 'start', 'context': [<snowplow_tracker.self_describing_json.SelfDescribingJson object at 0x000001FFFF705C10>, <snowplow_tracker.self_describing_json.SelfDescribingJson object at 0x000001FFFF76A990>, <snowplow_tracker.self_describing_json.SelfDescribingJson object at 0x000001FFFF706110>]}


============================== 13:18:18.788427 | 9b234bf5-d93b-4578-8b10-5c8dbc4435c1 ==============================
[0m13:18:18.788427 [info ] [MainThread]: Running with dbt=1.7.17
[0m13:18:18.788427 [debug] [MainThread]: running dbt with arguments {'printer_width': '80', 'indirect_selection': 'eager', 'log_cache_events': 'False', 'write_json': 'True', 'partial_parse': 'True', 'cache_selected_only': 'False', 'warn_error': 'None', 'debug': 'False', 'version_check': 'True', 'log_path': 'C:\\Users\\user\\Desktop\\Projects\\malaysia-film-finas\\malaysia-film-finas\\logs', 'fail_fast': 'False', 'profiles_dir': 'C:\\Users\\user\\.dbt', 'use_colors': 'True', 'use_experimental_parser': 'False', 'no_print': 'None', 'quiet': 'False', 'log_format': 'default', 'introspect': 'True', 'static_parser': 'True', 'warn_error_options': 'WarnErrorOptions(include=[], exclude=[])', 'target_path': 'None', 'invocation_command': 'dbt debug', 'send_anonymous_usage_stats': 'True'}
[0m13:18:18.788427 [info ] [MainThread]: dbt version: 1.7.17
[0m13:18:18.788427 [info ] [MainThread]: python version: 3.11.7
[0m13:18:18.788427 [info ] [MainThread]: python path: C:\Users\user\Desktop\Projects\malaysia-film-finas\finas-env\Scripts\python.exe
[0m13:18:18.804084 [info ] [MainThread]: os info: Windows-10-10.0.19045-SP0
[0m13:18:18.904362 [info ] [MainThread]: Using profiles dir at C:\Users\user\.dbt
[0m13:18:18.904362 [info ] [MainThread]: Using profiles.yml file at C:\Users\user\.dbt\profiles.yml
[0m13:18:18.904362 [info ] [MainThread]: Using dbt_project.yml file at C:\Users\user\Desktop\Projects\malaysia-film-finas\malaysia-film-finas\dbt_project.yml
[0m13:18:18.904362 [info ] [MainThread]: adapter type: mysql
[0m13:18:18.904362 [info ] [MainThread]: adapter version: 1.7.0
[0m13:18:19.004368 [info ] [MainThread]: Configuration:
[0m13:18:19.004368 [info ] [MainThread]:   profiles.yml file [[32mOK found and valid[0m]
[0m13:18:19.004368 [info ] [MainThread]:   dbt_project.yml file [[32mOK found and valid[0m]
[0m13:18:19.004368 [info ] [MainThread]: Required dependencies:
[0m13:18:19.004368 [debug] [MainThread]: Executing "git --help"
[0m13:18:19.051243 [debug] [MainThread]: STDOUT: "b"usage: git [-v | --version] [-h | --help] [-C <path>] [-c <name>=<value>]\n           [--exec-path[=<path>]] [--html-path] [--man-path] [--info-path]\n           [-p | --paginate | -P | --no-pager] [--no-replace-objects] [--bare]\n           [--git-dir=<path>] [--work-tree=<path>] [--namespace=<name>]\n           [--config-env=<name>=<envvar>] <command> [<args>]\n\nThese are common Git commands used in various situations:\n\nstart a working area (see also: git help tutorial)\n   clone     Clone a repository into a new directory\n   init      Create an empty Git repository or reinitialize an existing one\n\nwork on the current change (see also: git help everyday)\n   add       Add file contents to the index\n   mv        Move or rename a file, a directory, or a symlink\n   restore   Restore working tree files\n   rm        Remove files from the working tree and from the index\n\nexamine the history and state (see also: git help revisions)\n   bisect    Use binary search to find the commit that introduced a bug\n   diff      Show changes between commits, commit and working tree, etc\n   grep      Print lines matching a pattern\n   log       Show commit logs\n   show      Show various types of objects\n   status    Show the working tree status\n\ngrow, mark and tweak your common history\n   branch    List, create, or delete branches\n   commit    Record changes to the repository\n   merge     Join two or more development histories together\n   rebase    Reapply commits on top of another base tip\n   reset     Reset current HEAD to the specified state\n   switch    Switch branches\n   tag       Create, list, delete or verify a tag object signed with GPG\n\ncollaborate (see also: git help workflows)\n   fetch     Download objects and refs from another repository\n   pull      Fetch from and integrate with another repository or a local branch\n   push      Update remote refs along with associated objects\n\n'git help -a' and 'git help -g' list available subcommands and some\nconcept guides. See 'git help <command>' or 'git help <concept>'\nto read about a specific subcommand or concept.\nSee 'git help git' for an overview of the system.\n""
[0m13:18:19.051243 [debug] [MainThread]: STDERR: "b''"
[0m13:18:19.051243 [info ] [MainThread]:  - git [[32mOK found[0m]

[0m13:18:19.051243 [info ] [MainThread]: Connection:
[0m13:18:19.051243 [info ] [MainThread]:   server: localhost
[0m13:18:19.051243 [info ] [MainThread]:   unix_socket: None
[0m13:18:19.051243 [info ] [MainThread]:   port: 3306
[0m13:18:19.051243 [info ] [MainThread]:   database: None
[0m13:18:19.051243 [info ] [MainThread]:   schema: malaysiafilm
[0m13:18:19.051243 [info ] [MainThread]:   user: root
[0m13:18:19.051243 [info ] [MainThread]: Registered adapter: mysql=1.7.0
[0m13:18:19.051243 [debug] [MainThread]: Acquiring new mysql connection 'debug'
[0m13:18:19.051243 [debug] [MainThread]: Using mysql connection "debug"
[0m13:18:19.066861 [debug] [MainThread]: On debug: select 1 as id
[0m13:18:19.066861 [debug] [MainThread]: Opening a new connection, currently in state init
[0m13:18:19.073405 [debug] [MainThread]: SQL status: SUCCESS 1 in 0.0 seconds
[0m13:18:19.073405 [debug] [MainThread]: On debug: Close
[0m13:18:19.073405 [info ] [MainThread]:   Connection test: [[32mOK connection ok[0m]

[0m13:18:19.089041 [info ] [MainThread]: [32mAll checks passed![0m
[0m13:18:19.089041 [debug] [MainThread]: Command `dbt debug` succeeded at 13:18:19.089041 after 0.37 seconds
[0m13:18:19.089041 [debug] [MainThread]: Connection 'debug' was properly closed.
[0m13:18:19.089041 [debug] [MainThread]: Sending event: {'category': 'dbt', 'action': 'invocation', 'label': 'end', 'context': [<snowplow_tracker.self_describing_json.SelfDescribingJson object at 0x000001FFFF9D7CD0>, <snowplow_tracker.self_describing_json.SelfDescribingJson object at 0x000001FFF8C0DE90>, <snowplow_tracker.self_describing_json.SelfDescribingJson object at 0x000001FFF897BC10>]}
[0m13:18:19.089041 [debug] [MainThread]: Flushing usage events
[0m08:40:44.530130 [debug] [MainThread]: Sending event: {'category': 'dbt', 'action': 'invocation', 'label': 'start', 'context': [<snowplow_tracker.self_describing_json.SelfDescribingJson object at 0x00000244CCD87690>, <snowplow_tracker.self_describing_json.SelfDescribingJson object at 0x00000244CCDA4950>, <snowplow_tracker.self_describing_json.SelfDescribingJson object at 0x00000244CCDA5CD0>]}


============================== 08:40:44.542228 | 752c2991-fab7-4075-8318-8f3636a4542a ==============================
[0m08:40:44.542228 [info ] [MainThread]: Running with dbt=1.7.17
[0m08:40:44.544129 [debug] [MainThread]: running dbt with arguments {'printer_width': '80', 'indirect_selection': 'eager', 'write_json': 'True', 'log_cache_events': 'False', 'partial_parse': 'True', 'cache_selected_only': 'False', 'warn_error': 'None', 'debug': 'False', 'fail_fast': 'False', 'log_path': 'C:\\Users\\user\\Desktop\\Projects\\malaysia-film-finas\\malaysia-film-finas\\logs', 'version_check': 'True', 'profiles_dir': 'C:\\Users\\user\\.dbt', 'use_colors': 'True', 'use_experimental_parser': 'False', 'no_print': 'None', 'quiet': 'False', 'warn_error_options': 'WarnErrorOptions(include=[], exclude=[])', 'introspect': 'True', 'static_parser': 'True', 'log_format': 'default', 'target_path': 'None', 'invocation_command': 'dbt debug', 'send_anonymous_usage_stats': 'True'}
[0m08:40:44.545160 [info ] [MainThread]: dbt version: 1.7.17
[0m08:40:44.546296 [info ] [MainThread]: python version: 3.11.7
[0m08:40:44.547296 [info ] [MainThread]: python path: C:\Users\user\Desktop\Projects\malaysia-film-finas\finas-env\Scripts\python.exe
[0m08:40:44.548295 [info ] [MainThread]: os info: Windows-10-10.0.19045-SP0
[0m08:40:44.663028 [info ] [MainThread]: Using profiles dir at C:\Users\user\.dbt
[0m08:40:44.665000 [info ] [MainThread]: Using profiles.yml file at C:\Users\user\.dbt\profiles.yml
[0m08:40:44.666000 [info ] [MainThread]: Using dbt_project.yml file at C:\Users\user\Desktop\Projects\malaysia-film-finas\malaysia-film-finas\dbt_project.yml
[0m08:40:44.668123 [info ] [MainThread]: adapter type: mysql
[0m08:40:44.669149 [info ] [MainThread]: adapter version: 1.7.0
[0m08:40:44.768917 [info ] [MainThread]: Configuration:
[0m08:40:44.771058 [info ] [MainThread]:   profiles.yml file [[32mOK found and valid[0m]
[0m08:40:44.772060 [info ] [MainThread]:   dbt_project.yml file [[32mOK found and valid[0m]
[0m08:40:44.773092 [info ] [MainThread]: Required dependencies:
[0m08:40:44.774087 [debug] [MainThread]: Executing "git --help"
[0m08:40:44.818745 [debug] [MainThread]: STDOUT: "b"usage: git [-v | --version] [-h | --help] [-C <path>] [-c <name>=<value>]\n           [--exec-path[=<path>]] [--html-path] [--man-path] [--info-path]\n           [-p | --paginate | -P | --no-pager] [--no-replace-objects] [--bare]\n           [--git-dir=<path>] [--work-tree=<path>] [--namespace=<name>]\n           [--config-env=<name>=<envvar>] <command> [<args>]\n\nThese are common Git commands used in various situations:\n\nstart a working area (see also: git help tutorial)\n   clone     Clone a repository into a new directory\n   init      Create an empty Git repository or reinitialize an existing one\n\nwork on the current change (see also: git help everyday)\n   add       Add file contents to the index\n   mv        Move or rename a file, a directory, or a symlink\n   restore   Restore working tree files\n   rm        Remove files from the working tree and from the index\n\nexamine the history and state (see also: git help revisions)\n   bisect    Use binary search to find the commit that introduced a bug\n   diff      Show changes between commits, commit and working tree, etc\n   grep      Print lines matching a pattern\n   log       Show commit logs\n   show      Show various types of objects\n   status    Show the working tree status\n\ngrow, mark and tweak your common history\n   branch    List, create, or delete branches\n   commit    Record changes to the repository\n   merge     Join two or more development histories together\n   rebase    Reapply commits on top of another base tip\n   reset     Reset current HEAD to the specified state\n   switch    Switch branches\n   tag       Create, list, delete or verify a tag object signed with GPG\n\ncollaborate (see also: git help workflows)\n   fetch     Download objects and refs from another repository\n   pull      Fetch from and integrate with another repository or a local branch\n   push      Update remote refs along with associated objects\n\n'git help -a' and 'git help -g' list available subcommands and some\nconcept guides. See 'git help <command>' or 'git help <concept>'\nto read about a specific subcommand or concept.\nSee 'git help git' for an overview of the system.\n""
[0m08:40:44.820891 [debug] [MainThread]: STDERR: "b''"
[0m08:40:44.821892 [info ] [MainThread]:  - git [[32mOK found[0m]

[0m08:40:44.823895 [info ] [MainThread]: Connection:
[0m08:40:44.825891 [info ] [MainThread]:   server: localhost
[0m08:40:44.826891 [info ] [MainThread]:   unix_socket: None
[0m08:40:44.828041 [info ] [MainThread]:   port: 3306
[0m08:40:44.830042 [info ] [MainThread]:   database: None
[0m08:40:44.831044 [info ] [MainThread]:   schema: malaysiafilm
[0m08:40:44.832040 [info ] [MainThread]:   user: root
[0m08:40:44.833042 [info ] [MainThread]: Registered adapter: mysql=1.7.0
[0m08:40:44.836042 [debug] [MainThread]: Acquiring new mysql connection 'debug'
[0m08:40:44.837041 [debug] [MainThread]: Using mysql connection "debug"
[0m08:40:44.838040 [debug] [MainThread]: On debug: select 1 as id
[0m08:40:44.838040 [debug] [MainThread]: Opening a new connection, currently in state init
[0m08:40:44.861477 [debug] [MainThread]: SQL status: SUCCESS 1 in 0.0 seconds
[0m08:40:44.862480 [debug] [MainThread]: On debug: Close
[0m08:40:44.864478 [info ] [MainThread]:   Connection test: [[32mOK connection ok[0m]

[0m08:40:44.865479 [info ] [MainThread]: [32mAll checks passed![0m
[0m08:40:44.867479 [debug] [MainThread]: Command `dbt debug` succeeded at 08:40:44.867479 after 0.41 seconds
[0m08:40:44.868478 [debug] [MainThread]: Connection 'debug' was properly closed.
[0m08:40:44.869477 [debug] [MainThread]: Sending event: {'category': 'dbt', 'action': 'invocation', 'label': 'end', 'context': [<snowplow_tracker.self_describing_json.SelfDescribingJson object at 0x00000244C606EE50>, <snowplow_tracker.self_describing_json.SelfDescribingJson object at 0x00000244CCDBFA10>, <snowplow_tracker.self_describing_json.SelfDescribingJson object at 0x00000244CCDBC8D0>]}
[0m08:40:44.869477 [debug] [MainThread]: Flushing usage events
[0m08:40:53.947637 [debug] [MainThread]: Sending event: {'category': 'dbt', 'action': 'invocation', 'label': 'start', 'context': [<snowplow_tracker.self_describing_json.SelfDescribingJson object at 0x00000178FB7A8290>, <snowplow_tracker.self_describing_json.SelfDescribingJson object at 0x00000178FB3C6350>, <snowplow_tracker.self_describing_json.SelfDescribingJson object at 0x00000178FB793FD0>]}


============================== 08:40:53.952778 | c40c57d7-2df0-4409-a618-400dc57fa132 ==============================
[0m08:40:53.952778 [info ] [MainThread]: Running with dbt=1.7.17
[0m08:40:53.954003 [debug] [MainThread]: running dbt with arguments {'printer_width': '80', 'indirect_selection': 'eager', 'log_cache_events': 'False', 'write_json': 'True', 'partial_parse': 'True', 'cache_selected_only': 'False', 'profiles_dir': 'C:\\Users\\user\\.dbt', 'debug': 'False', 'warn_error': 'None', 'log_path': 'C:\\Users\\user\\Desktop\\Projects\\malaysia-film-finas\\malaysia-film-finas\\logs', 'fail_fast': 'False', 'version_check': 'True', 'use_colors': 'True', 'use_experimental_parser': 'False', 'no_print': 'None', 'quiet': 'False', 'log_format': 'default', 'static_parser': 'True', 'warn_error_options': 'WarnErrorOptions(include=[], exclude=[])', 'invocation_command': 'dbt run', 'target_path': 'None', 'introspect': 'True', 'send_anonymous_usage_stats': 'True'}
[0m08:40:54.499910 [debug] [MainThread]: Sending event: {'category': 'dbt', 'action': 'project_id', 'label': 'c40c57d7-2df0-4409-a618-400dc57fa132', 'context': [<snowplow_tracker.self_describing_json.SelfDescribingJson object at 0x00000178FA39C1D0>]}
[0m08:40:54.570880 [debug] [MainThread]: Sending event: {'category': 'dbt', 'action': 'adapter_info', 'label': 'c40c57d7-2df0-4409-a618-400dc57fa132', 'context': [<snowplow_tracker.self_describing_json.SelfDescribingJson object at 0x00000178FB789AD0>]}
[0m08:40:54.572881 [info ] [MainThread]: Registered adapter: mysql=1.7.0
[0m08:40:54.592605 [debug] [MainThread]: checksum: df69a17a5cb23fb99a7422df02bc7a63a38fc52c957542963e77e6cc79b17fab, vars: {}, profile: , target: , version: 1.7.17
[0m08:40:54.594604 [info ] [MainThread]: Unable to do partial parsing because saved manifest not found. Starting full parse.
[0m08:40:54.598077 [debug] [MainThread]: Sending event: {'category': 'dbt', 'action': 'partial_parser', 'label': 'c40c57d7-2df0-4409-a618-400dc57fa132', 'context': [<snowplow_tracker.self_describing_json.SelfDescribingJson object at 0x00000178FB9BA490>]}
[0m08:40:56.217111 [warn ] [MainThread]: [[33mWARNING[0m]: Configuration paths exist in your dbt_project.yml file which do not apply to any resources.
There are 1 unused configuration paths:
- models.finas.example
[0m08:40:56.224346 [debug] [MainThread]: Sending event: {'category': 'dbt', 'action': 'load_project', 'label': 'c40c57d7-2df0-4409-a618-400dc57fa132', 'context': [<snowplow_tracker.self_describing_json.SelfDescribingJson object at 0x00000178FBBB8710>]}
[0m08:40:56.254554 [debug] [MainThread]: Sending event: {'category': 'dbt', 'action': 'resource_counts', 'label': 'c40c57d7-2df0-4409-a618-400dc57fa132', 'context': [<snowplow_tracker.self_describing_json.SelfDescribingJson object at 0x00000178FBB47A10>]}
[0m08:40:56.255585 [info ] [MainThread]: Found 0 sources, 0 exposures, 0 metrics, 387 macros, 0 groups, 0 semantic models
[0m08:40:56.256555 [debug] [MainThread]: Sending event: {'category': 'dbt', 'action': 'runnable_timing', 'label': 'c40c57d7-2df0-4409-a618-400dc57fa132', 'context': [<snowplow_tracker.self_describing_json.SelfDescribingJson object at 0x00000178FBB20190>]}
[0m08:40:56.258584 [info ] [MainThread]: 
[0m08:40:56.259608 [warn ] [MainThread]: Nothing to do. Try checking your model configs and model specification args
[0m08:40:56.261584 [debug] [MainThread]: Command end result
[0m08:40:56.271803 [debug] [MainThread]: Command `dbt run` succeeded at 08:40:56.270553 after 2.40 seconds
[0m08:40:56.272806 [debug] [MainThread]: Sending event: {'category': 'dbt', 'action': 'invocation', 'label': 'end', 'context': [<snowplow_tracker.self_describing_json.SelfDescribingJson object at 0x00000178FB7750D0>, <snowplow_tracker.self_describing_json.SelfDescribingJson object at 0x00000178FB7752D0>, <snowplow_tracker.self_describing_json.SelfDescribingJson object at 0x00000178F4A6BE50>]}
[0m08:40:56.273807 [debug] [MainThread]: Flushing usage events
[0m10:48:14.562983 [debug] [MainThread]: Sending event: {'category': 'dbt', 'action': 'invocation', 'label': 'start', 'context': [<snowplow_tracker.self_describing_json.SelfDescribingJson object at 0x000001E99551E590>, <snowplow_tracker.self_describing_json.SelfDescribingJson object at 0x000001E99556E6D0>, <snowplow_tracker.self_describing_json.SelfDescribingJson object at 0x000001E99556C4D0>]}


============================== 10:48:14.578566 | af54c055-1245-488b-a3e9-b8b75fcc18f8 ==============================
[0m10:48:14.578566 [info ] [MainThread]: Running with dbt=1.7.17
[0m10:48:14.578566 [debug] [MainThread]: running dbt with arguments {'printer_width': '80', 'indirect_selection': 'eager', 'write_json': 'True', 'log_cache_events': 'False', 'partial_parse': 'True', 'cache_selected_only': 'False', 'profiles_dir': 'C:\\Users\\user\\.dbt', 'debug': 'False', 'fail_fast': 'False', 'log_path': 'C:\\Users\\user\\Desktop\\Projects\\malaysia-film-finas\\malaysia-film-finas\\logs', 'warn_error': 'None', 'version_check': 'True', 'use_colors': 'True', 'use_experimental_parser': 'False', 'no_print': 'None', 'quiet': 'False', 'log_format': 'default', 'introspect': 'True', 'invocation_command': 'dbt run', 'warn_error_options': 'WarnErrorOptions(include=[], exclude=[])', 'target_path': 'None', 'static_parser': 'True', 'send_anonymous_usage_stats': 'True'}
[0m10:48:14.956502 [debug] [MainThread]: Sending event: {'category': 'dbt', 'action': 'project_id', 'label': 'af54c055-1245-488b-a3e9-b8b75fcc18f8', 'context': [<snowplow_tracker.self_describing_json.SelfDescribingJson object at 0x000001E995517F10>]}
[0m10:48:15.019033 [debug] [MainThread]: Sending event: {'category': 'dbt', 'action': 'adapter_info', 'label': 'af54c055-1245-488b-a3e9-b8b75fcc18f8', 'context': [<snowplow_tracker.self_describing_json.SelfDescribingJson object at 0x000001E994978890>]}
[0m10:48:15.019033 [info ] [MainThread]: Registered adapter: mysql=1.7.0
[0m10:48:15.049745 [debug] [MainThread]: checksum: df69a17a5cb23fb99a7422df02bc7a63a38fc52c957542963e77e6cc79b17fab, vars: {}, profile: , target: , version: 1.7.17
[0m10:48:15.914162 [debug] [MainThread]: Partial parsing enabled: 0 files deleted, 0 files added, 0 files changed.
[0m10:48:15.914162 [debug] [MainThread]: Partial parsing enabled, no changes found, skipping parsing
[0m10:48:15.914162 [warn ] [MainThread]: [[33mWARNING[0m]: Configuration paths exist in your dbt_project.yml file which do not apply to any resources.
There are 1 unused configuration paths:
- models.finas.example
[0m10:48:15.914162 [debug] [MainThread]: Sending event: {'category': 'dbt', 'action': 'load_project', 'label': 'af54c055-1245-488b-a3e9-b8b75fcc18f8', 'context': [<snowplow_tracker.self_describing_json.SelfDescribingJson object at 0x000001E99557B450>]}
[0m10:48:15.957847 [debug] [MainThread]: Sending event: {'category': 'dbt', 'action': 'resource_counts', 'label': 'af54c055-1245-488b-a3e9-b8b75fcc18f8', 'context': [<snowplow_tracker.self_describing_json.SelfDescribingJson object at 0x000001E9958531D0>]}
[0m10:48:15.958876 [info ] [MainThread]: Found 0 sources, 0 exposures, 0 metrics, 387 macros, 0 groups, 0 semantic models
[0m10:48:15.959846 [debug] [MainThread]: Sending event: {'category': 'dbt', 'action': 'runnable_timing', 'label': 'af54c055-1245-488b-a3e9-b8b75fcc18f8', 'context': [<snowplow_tracker.self_describing_json.SelfDescribingJson object at 0x000001E99577C1D0>]}
[0m10:48:15.960914 [info ] [MainThread]: 
[0m10:48:15.960914 [warn ] [MainThread]: Nothing to do. Try checking your model configs and model specification args
[0m10:48:15.960914 [debug] [MainThread]: Command end result
[0m10:48:15.960914 [debug] [MainThread]: Command `dbt run` succeeded at 10:48:15.960914 after 1.48 seconds
[0m10:48:15.960914 [debug] [MainThread]: Sending event: {'category': 'dbt', 'action': 'invocation', 'label': 'end', 'context': [<snowplow_tracker.self_describing_json.SelfDescribingJson object at 0x000001E98E712E50>, <snowplow_tracker.self_describing_json.SelfDescribingJson object at 0x000001E98E9ED210>, <snowplow_tracker.self_describing_json.SelfDescribingJson object at 0x000001E98E74BE50>]}
[0m10:48:15.976540 [debug] [MainThread]: Flushing usage events
